    OpenRGB v0.9
    Commit:  from 
    Launched: 20250219_153435
====================================================================================================

0     |Info:    Found file: samuel.orp attempting to validate header
0     |Info:    Valid v4 profile found for samuel
1001  |Info:    ------------------------------------------------------
1001  |Info:    |               Start device detection               |
1001  |Info:    ------------------------------------------------------
1001  |Info:    Initializing HID interfaces: Success
1009  |Info:    ------------------------------------------------------
1009  |Info:    |             Detecting I2C interfaces               |
1009  |Info:    ------------------------------------------------------
1009  |Info:    Registering I2C interface: /dev/i2c-3 Device 10DE:2783 Subsystem: 19DA:5710
1009  |Info:    Registering I2C interface: /dev/i2c-10 Device 1022:790B Subsystem: 1043:8877
1009  |Info:    Registering I2C interface: /dev/i2c-1 Device 10DE:2783 Subsystem: 19DA:5710
1009  |Info:    Registering I2C interface: /dev/i2c-8 Device 1002:164E Subsystem: 1043:8877
1009  |Info:    Registering I2C interface: /dev/i2c-6 Device 10DE:2783 Subsystem: 19DA:5710
1009  |Info:    Registering I2C interface: /dev/i2c-4 Device 10DE:2783 Subsystem: 19DA:5710
1009  |Info:    Registering I2C interface: /dev/i2c-11 Device 1022:790B Subsystem: 1043:8877
1009  |Info:    Registering I2C interface: /dev/i2c-2 Device 10DE:2783 Subsystem: 19DA:5710
1009  |Info:    Registering I2C interface: /dev/i2c-0 Device 0000:0000 Subsystem: 0000:0000
1010  |Warning: [i2c_smbus_linux] Failed to read i2c device PCI device ID
1010  |Info:    Registering I2C interface: /dev/i2c-9 Device 0000:0000 Subsystem: 0000:0000
1010  |Info:    Registering I2C interface: /dev/i2c-7 Device 1002:164E Subsystem: 1043:8877
1010  |Info:    Registering I2C interface: /dev/i2c-5 Device 10DE:2783 Subsystem: 19DA:5710
1010  |Info:    Registering I2C interface: /dev/i2c-12 Device 1022:790B Subsystem: 1043:8877
1010  |Info:    ------------------------------------------------------
1010  |Info:    |               Detecting I2C devices                |
1010  |Info:    ------------------------------------------------------
2049  |Info:    ------------------------------------------------------
2049  |Info:    |               Detecting I2C PCI devices            |
2049  |Info:    ------------------------------------------------------
2049  |Info:    ------------------------------------------------------
2049  |Info:    |               Detecting HID devices                |
2049  |Info:    ------------------------------------------------------
2134  |Info:    [Corsair Commander Core] Registering RGB controller
2695  |Info:    [G502 LIGHTSPEED Wireless Gaming Mouse] Registering RGB controller
2750  |Info:    [Corsair K100] Registering RGB controller
2830  |Info:    [ASUS ROG STRIX X670E-A GAMING WIFI] Registering RGB controller
2830  |Info:    ------------------------------------------------------
2830  |Info:    |            Detecting libusb HID devices            |
2830  |Info:    ------------------------------------------------------
3058  |Info:    ------------------------------------------------------
3058  |Info:    |              Detecting other devices               |
3058  |Info:    ------------------------------------------------------
3067  |Info:    ------------------------------------------------------
3067  |Info:    |                Detection completed                 |
3067  |Info:    ------------------------------------------------------
3067  |Info:    Profile loading: Succeeded for Corsair Commander Core @ HID: /dev/hidraw11
3067  |Info:    Profile loading: Succeeded for G502 LIGHTSPEED Wireless Gaming Mouse @ HID: /dev/hidraw13 (Receiver) 
Wireless Index: 255
3067  |Info:    Profile loading: Succeeded for Corsair K100 @ HID: /dev/hidraw7
3067  |Info:    Profile loading: Succeeded for ASUS ROG STRIX X670E-A GAMING WIFI @ HID: /dev/hidraw10
