    OpenRGB v0.9
    Commit:  from 
    Launched: 20250208_113232
====================================================================================================

0     |Info:    Found file: samuel.orp attempting to validate header
0     |Info:    Valid v4 profile found for samuel
1001  |Info:    ------------------------------------------------------
1001  |Info:    |               Start device detection               |
1001  |Info:    ------------------------------------------------------
1001  |Info:    Initializing HID interfaces: Success
1009  |Info:    ------------------------------------------------------
1009  |Info:    |             Detecting I2C interfaces               |
1009  |Info:    ------------------------------------------------------
1009  |Warning: [i2c_smbus_linux] Failed to read i2c device PCI device ID
1010  |Info:    Registering I2C interface: /dev/i2c-3 Device 0000:0000 Subsystem: 0000:0000
1010  |Info:    Registering I2C interface: /dev/i2c-10 Device 10DE:2783 Subsystem: 19DA:5710
1010  |Info:    Registering I2C interface: /dev/i2c-1 Device 1002:164E Subsystem: 1043:8877
1010  |Info:    Registering I2C interface: /dev/i2c-8 Device 10DE:2783 Subsystem: 19DA:5710
1010  |Info:    Registering I2C interface: /dev/i2c-6 Device 1022:790B Subsystem: 1043:8877
1010  |Info:    Registering I2C interface: /dev/i2c-4 Device 1022:790B Subsystem: 1043:8877
1010  |Info:    Registering I2C interface: /dev/i2c-11 Device 10DE:2783 Subsystem: 19DA:5710
1010  |Info:    Registering I2C interface: /dev/i2c-2 Device 1002:164E Subsystem: 1043:8877
1010  |Info:    Registering I2C interface: /dev/i2c-0 Device 0000:0000 Subsystem: 0000:0000
1010  |Info:    Registering I2C interface: /dev/i2c-9 Device 10DE:2783 Subsystem: 19DA:5710
1010  |Info:    Registering I2C interface: /dev/i2c-7 Device 10DE:2783 Subsystem: 19DA:5710
1010  |Info:    Registering I2C interface: /dev/i2c-5 Device 1022:790B Subsystem: 1043:8877
1013  |Info:    Registering I2C interface: /dev/i2c-12 Device 10DE:2783 Subsystem: 19DA:5710
1013  |Info:    ------------------------------------------------------
1013  |Info:    |               Detecting I2C devices                |
1013  |Info:    ------------------------------------------------------
2050  |Info:    ------------------------------------------------------
2050  |Info:    |               Detecting I2C PCI devices            |
2050  |Info:    ------------------------------------------------------
2051  |Info:    ------------------------------------------------------
2051  |Info:    |               Detecting HID devices                |
2051  |Info:    ------------------------------------------------------
2310  |Info:    [Corsair Commander Core] Registering RGB controller
3104  |Info:    [G502 LIGHTSPEED Wireless Gaming Mouse] Registering RGB controller
3160  |Info:    [Corsair K100] Registering RGB controller
3238  |Info:    [ASUS ROG STRIX X670E-A GAMING WIFI] Registering RGB controller
3238  |Info:    ------------------------------------------------------
3238  |Info:    |            Detecting libusb HID devices            |
3238  |Info:    ------------------------------------------------------
3464  |Info:    ------------------------------------------------------
3464  |Info:    |              Detecting other devices               |
3464  |Info:    ------------------------------------------------------
3472  |Info:    ------------------------------------------------------
3472  |Info:    |                Detection completed                 |
3472  |Info:    ------------------------------------------------------
14997 |Info:    Profile loading: Succeeded for Corsair Commander Core @ HID: /dev/hidraw11
14997 |Info:    Profile loading: Succeeded for G502 LIGHTSPEED Wireless Gaming Mouse @ HID: /dev/hidraw13 (Receiver) 
Wireless Index: 255
14997 |Info:    Profile loading: Succeeded for Corsair K100 @ HID: /dev/hidraw7
14997 |Info:    Profile loading: Succeeded for ASUS ROG STRIX X670E-A GAMING WIFI @ HID: /dev/hidraw10
41485 |Info:    Profile loading: Succeeded for Corsair Commander Core @ HID: /dev/hidraw11
41485 |Info:    Profile loading: Succeeded for G502 LIGHTSPEED Wireless Gaming Mouse @ HID: /dev/hidraw13 (Receiver) 
Wireless Index: 255
41485 |Info:    Profile loading: Succeeded for Corsair K100 @ HID: /dev/hidraw7
41485 |Info:    Profile loading: Succeeded for ASUS ROG STRIX X670E-A GAMING WIFI @ HID: /dev/hidraw10
175241|Info:    Profile loading: Succeeded for Corsair Commander Core @ HID: /dev/hidraw11
175241|Info:    Profile loading: Succeeded for G502 LIGHTSPEED Wireless Gaming Mouse @ HID: /dev/hidraw13 (Receiver) 
Wireless Index: 255
175241|Info:    Profile loading: Succeeded for Corsair K100 @ HID: /dev/hidraw7
175241|Info:    Profile loading: Succeeded for ASUS ROG STRIX X670E-A GAMING WIFI @ HID: /dev/hidraw10
175497|Info:    Profile loading: Succeeded for Corsair Commander Core @ HID: /dev/hidraw11
175497|Info:    Profile loading: Succeeded for G502 LIGHTSPEED Wireless Gaming Mouse @ HID: /dev/hidraw13 (Receiver) 
Wireless Index: 255
175497|Info:    Profile loading: Succeeded for Corsair K100 @ HID: /dev/hidraw7
175497|Info:    Profile loading: Succeeded for ASUS ROG STRIX X670E-A GAMING WIFI @ HID: /dev/hidraw10
