    OpenRGB v0.9
    Commit:  from 
    Launched: 20250208_114301
====================================================================================================

0     |Info:    Found file: samuel.orp attempting to validate header
0     |Info:    Valid v4 profile found for samuel
1001  |Info:    ------------------------------------------------------
1001  |Info:    |               Start device detection               |
1001  |Info:    ------------------------------------------------------
1001  |Info:    Initializing HID interfaces: Success
1009  |Info:    ------------------------------------------------------
1009  |Info:    |             Detecting I2C interfaces               |
1009  |Info:    ------------------------------------------------------
1010  |Warning: [i2c_smbus_linux] Failed to read i2c device PCI device ID
1010  |Info:    Registering I2C interface: /dev/i2c-3 Device 0000:0000 Subsystem: 0000:0000
1010  |Info:    Registering I2C interface: /dev/i2c-10 Device 10DE:2783 Subsystem: 19DA:5710
1010  |Info:    Registering I2C interface: /dev/i2c-1 Device 1002:164E Subsystem: 1043:8877
1010  |Info:    Registering I2C interface: /dev/i2c-8 Device 10DE:2783 Subsystem: 19DA:5710
1010  |Info:    Registering I2C interface: /dev/i2c-6 Device 1022:790B Subsystem: 1043:8877
1010  |Info:    Registering I2C interface: /dev/i2c-4 Device 1022:790B Subsystem: 1043:8877
1010  |Info:    Registering I2C interface: /dev/i2c-11 Device 10DE:2783 Subsystem: 19DA:5710
1010  |Info:    Registering I2C interface: /dev/i2c-2 Device 1002:164E Subsystem: 1043:8877
1010  |Info:    Registering I2C interface: /dev/i2c-0 Device 0000:0000 Subsystem: 0000:0000
1010  |Info:    Registering I2C interface: /dev/i2c-9 Device 10DE:2783 Subsystem: 19DA:5710
1010  |Info:    Registering I2C interface: /dev/i2c-7 Device 10DE:2783 Subsystem: 19DA:5710
1010  |Info:    Registering I2C interface: /dev/i2c-5 Device 1022:790B Subsystem: 1043:8877
1010  |Info:    Registering I2C interface: /dev/i2c-12 Device 10DE:2783 Subsystem: 19DA:5710
1010  |Info:    ------------------------------------------------------
1010  |Info:    |               Detecting I2C devices                |
1010  |Info:    ------------------------------------------------------
2043  |Info:    ------------------------------------------------------
2043  |Info:    |               Detecting I2C PCI devices            |
2043  |Info:    ------------------------------------------------------
2043  |Info:    ------------------------------------------------------
2043  |Info:    |               Detecting HID devices                |
2043  |Info:    ------------------------------------------------------
2273  |Info:    [Corsair Commander Core] Registering RGB controller
3458  |Info:    [G502 LIGHTSPEED Wireless Gaming Mouse] Registering RGB controller
3513  |Info:    [Corsair K100] Registering RGB controller
3597  |Info:    [ASUS ROG STRIX X670E-A GAMING WIFI] Registering RGB controller
3597  |Info:    ------------------------------------------------------
3597  |Info:    |            Detecting libusb HID devices            |
3597  |Info:    ------------------------------------------------------
3821  |Info:    ------------------------------------------------------
3821  |Info:    |              Detecting other devices               |
3821  |Info:    ------------------------------------------------------
3829  |Info:    ------------------------------------------------------
3829  |Info:    |                Detection completed                 |
3829  |Info:    ------------------------------------------------------
72626 |Info:    Profile loading: Succeeded for Corsair Commander Core @ HID: /dev/hidraw11
72626 |Info:    Profile loading: Succeeded for G502 LIGHTSPEED Wireless Gaming Mouse @ HID: /dev/hidraw13 (Receiver) 
Wireless Index: 255
72626 |Info:    Profile loading: Succeeded for Corsair K100 @ HID: /dev/hidraw7
72626 |Info:    Profile loading: Succeeded for ASUS ROG STRIX X670E-A GAMING WIFI @ HID: /dev/hidraw10
77061 |Info:    Found file: samuel.orp attempting to validate header
77061 |Info:    Valid v4 profile found for samuel
353354|Info:    Found file: samuel.orp attempting to validate header
353354|Info:    Valid v4 profile found for samuel
