    OpenRGB v0.9
    Commit:  from 
    Launched: 20250219_161853
====================================================================================================

0     |Info:    Found file: samuel.orp attempting to validate header
0     |Info:    Valid v4 profile found for samuel
1001  |Info:    ------------------------------------------------------
1001  |Info:    |               Start device detection               |
1001  |Info:    ------------------------------------------------------
1001  |Info:    Initializing HID interfaces: Success
1010  |Info:    ------------------------------------------------------
1010  |Info:    |             Detecting I2C interfaces               |
1010  |Info:    ------------------------------------------------------
1010  |Info:    Registering I2C interface: /dev/i2c-3 Device 10DE:2783 Subsystem: 19DA:5710
1010  |Info:    Registering I2C interface: /dev/i2c-10 Device 1022:790B Subsystem: 1043:8877
1010  |Info:    Registering I2C interface: /dev/i2c-1 Device 10DE:2783 Subsystem: 19DA:5710
1010  |Info:    Registering I2C interface: /dev/i2c-8 Device 1002:164E Subsystem: 1043:8877
1010  |Info:    Registering I2C interface: /dev/i2c-6 Device 10DE:2783 Subsystem: 19DA:5710
1011  |Info:    Registering I2C interface: /dev/i2c-4 Device 10DE:2783 Subsystem: 19DA:5710
1011  |Info:    Registering I2C interface: /dev/i2c-11 Device 1022:790B Subsystem: 1043:8877
1011  |Info:    Registering I2C interface: /dev/i2c-2 Device 10DE:2783 Subsystem: 19DA:5710
1011  |Info:    Registering I2C interface: /dev/i2c-0 Device 0000:0000 Subsystem: 0000:0000
1011  |Warning: [i2c_smbus_linux] Failed to read i2c device PCI device ID
1011  |Info:    Registering I2C interface: /dev/i2c-9 Device 0000:0000 Subsystem: 0000:0000
1011  |Info:    Registering I2C interface: /dev/i2c-7 Device 1002:164E Subsystem: 1043:8877
1011  |Info:    Registering I2C interface: /dev/i2c-5 Device 10DE:2783 Subsystem: 19DA:5710
1011  |Info:    Registering I2C interface: /dev/i2c-12 Device 1022:790B Subsystem: 1043:8877
1011  |Info:    ------------------------------------------------------
1011  |Info:    |               Detecting I2C devices                |
1011  |Info:    ------------------------------------------------------
2051  |Info:    ------------------------------------------------------
2051  |Info:    |               Detecting I2C PCI devices            |
2051  |Info:    ------------------------------------------------------
2051  |Info:    ------------------------------------------------------
2051  |Info:    |               Detecting HID devices                |
2051  |Info:    ------------------------------------------------------
