    OpenRGB v0.9
    Commit:  from 
    Launched: 20250206_174708
====================================================================================================

0     |Info:    Found file: samuel.orp attempting to validate header
0     |Info:    Valid v4 profile found for samuel
1001  |Info:    ------------------------------------------------------
1001  |Info:    |               Start device detection               |
1001  |Info:    ------------------------------------------------------
1001  |Info:    Initializing HID interfaces: Success
1010  |Info:    ------------------------------------------------------
1010  |Info:    |             Detecting I2C interfaces               |
1010  |Info:    ------------------------------------------------------
1010  |Warning: [i2c_smbus_linux] Failed to read i2c device PCI device ID
1010  |Info:    Registering I2C interface: /dev/i2c-3 Device 0000:0000 Subsystem: 0000:0000
1010  |Info:    Registering I2C interface: /dev/i2c-1 Device 1002:164E Subsystem: 1043:8877
1010  |Info:    Registering I2C interface: /dev/i2c-6 Device 1022:790B Subsystem: 1043:8877
1011  |Info:    Registering I2C interface: /dev/i2c-11 Device 10DE:2783 Subsystem: 19DA:5710
1011  |Info:    Registering I2C interface: /dev/i2c-0 Device 0000:0000 Subsystem: 0000:0000
1011  |Info:    Registering I2C interface: /dev/i2c-7 Device 10DE:2783 Subsystem: 19DA:5710
1011  |Info:    Registering I2C interface: /dev/i2c-5 Device 1022:790B Subsystem: 1043:8877
1011  |Info:    Registering I2C interface: /dev/i2c-12 Device 10DE:2783 Subsystem: 19DA:5710
1011  |Info:    ------------------------------------------------------
1011  |Info:    |               Detecting I2C devices                |
1011  |Info:    ------------------------------------------------------
1591  |Info:    ------------------------------------------------------
1591  |Info:    |               Detecting I2C PCI devices            |
1591  |Info:    ------------------------------------------------------
1591  |Info:    ------------------------------------------------------
1591  |Info:    |               Detecting HID devices                |
1591  |Info:    ------------------------------------------------------
1834  |Info:    [Corsair Commander Core] Registering RGB controller
2906  |Info:    [G502 LIGHTSPEED Wireless Gaming Mouse] Registering RGB controller
2961  |Info:    [Corsair K100] Registering RGB controller
3038  |Info:    [ASUS ROG STRIX X670E-A GAMING WIFI] Registering RGB controller
3038  |Info:    ------------------------------------------------------
3038  |Info:    |            Detecting libusb HID devices            |
3038  |Info:    ------------------------------------------------------
3264  |Info:    ------------------------------------------------------
3264  |Info:    |              Detecting other devices               |
3264  |Info:    ------------------------------------------------------
3271  |Info:    ------------------------------------------------------
3271  |Info:    |                Detection completed                 |
3271  |Info:    ------------------------------------------------------
3271  |Dialog:  <h2>WARNING:</h2><p>One or more I2C/SMBus interfaces failed to initialize.</p><p>RGB DRAM modules and some motherboards' onboard RGB lighting will not be available without I2C/SMBus.</p><p>On Linux, this is usually because the i2c-dev module is not loaded.  You must load the i2c-dev module along with the correct i2c driver for your motherboard.  This is usually i2c-piix4 for AMD systems and i2c-i801 for Intel systems.</p><p>See <a href='https://help.openrgb.org/'>help.openrgb.org</a> for additional troubleshooting steps if you keep seeing this message.<br></p>
31379 |Info:    Profile loading: Succeeded for Corsair Commander Core @ HID: /dev/hidraw11
31379 |Info:    Profile loading: Succeeded for G502 LIGHTSPEED Wireless Gaming Mouse @ HID: /dev/hidraw13 (Receiver) 
Wireless Index: 255
31379 |Info:    Profile loading: Succeeded for Corsair K100 @ HID: /dev/hidraw7
31379 |Info:    Profile loading: Succeeded for ASUS ROG STRIX X670E-A GAMING WIFI @ HID: /dev/hidraw10
60553 |Info:    Profile loading: Succeeded for Corsair Commander Core @ HID: /dev/hidraw11
60553 |Info:    Profile loading: Succeeded for G502 LIGHTSPEED Wireless Gaming Mouse @ HID: /dev/hidraw13 (Receiver) 
Wireless Index: 255
60553 |Info:    Profile loading: Succeeded for Corsair K100 @ HID: /dev/hidraw7
60553 |Info:    Profile loading: Succeeded for ASUS ROG STRIX X670E-A GAMING WIFI @ HID: /dev/hidraw10
87194 |Info:    Profile loading: Succeeded for Corsair Commander Core @ HID: /dev/hidraw11
87194 |Info:    Profile loading: Succeeded for G502 LIGHTSPEED Wireless Gaming Mouse @ HID: /dev/hidraw13 (Receiver) 
Wireless Index: 255
87194 |Info:    Profile loading: Succeeded for Corsair K100 @ HID: /dev/hidraw7
87194 |Info:    Profile loading: Succeeded for ASUS ROG STRIX X670E-A GAMING WIFI @ HID: /dev/hidraw10
