    OpenRGB v0.9
    Commit:  from 
    Launched: 20250216_174738
====================================================================================================

0     |Info:    Found file: samuel.orp attempting to validate header
0     |Info:    Valid v4 profile found for samuel
1001  |Info:    ------------------------------------------------------
1001  |Info:    |               Start device detection               |
1001  |Info:    ------------------------------------------------------
1002  |Info:    Initializing HID interfaces: Success
1010  |Info:    ------------------------------------------------------
1010  |Info:    |             Detecting I2C interfaces               |
1010  |Info:    ------------------------------------------------------
1010  |Info:    Registering I2C interface: /dev/i2c-3 Device 10DE:2783 Subsystem: 19DA:5710
1010  |Info:    Registering I2C interface: /dev/i2c-10 Device 1022:790B Subsystem: 1043:8877
1010  |Info:    Registering I2C interface: /dev/i2c-1 Device 10DE:2783 Subsystem: 19DA:5710
1010  |Info:    Registering I2C interface: /dev/i2c-8 Device 1002:164E Subsystem: 1043:8877
1010  |Info:    Registering I2C interface: /dev/i2c-6 Device 10DE:2783 Subsystem: 19DA:5710
1010  |Info:    Registering I2C interface: /dev/i2c-4 Device 10DE:2783 Subsystem: 19DA:5710
1010  |Info:    Registering I2C interface: /dev/i2c-11 Device 1022:790B Subsystem: 1043:8877
1010  |Info:    Registering I2C interface: /dev/i2c-2 Device 10DE:2783 Subsystem: 19DA:5710
1010  |Info:    Registering I2C interface: /dev/i2c-0 Device 0000:0000 Subsystem: 0000:0000
1010  |Warning: [i2c_smbus_linux] Failed to read i2c device PCI device ID
1010  |Info:    Registering I2C interface: /dev/i2c-9 Device 0000:0000 Subsystem: 0000:0000
1010  |Info:    Registering I2C interface: /dev/i2c-7 Device 1002:164E Subsystem: 1043:8877
1010  |Info:    Registering I2C interface: /dev/i2c-5 Device 10DE:2783 Subsystem: 19DA:5710
1010  |Info:    Registering I2C interface: /dev/i2c-12 Device 1022:790B Subsystem: 1043:8877
1010  |Info:    ------------------------------------------------------
1010  |Info:    |               Detecting I2C devices                |
1010  |Info:    ------------------------------------------------------
2048  |Info:    ------------------------------------------------------
2048  |Info:    |               Detecting I2C PCI devices            |
2048  |Info:    ------------------------------------------------------
2048  |Info:    ------------------------------------------------------
2048  |Info:    |               Detecting HID devices                |
2048  |Info:    ------------------------------------------------------
2270  |Info:    [Corsair Commander Core] Registering RGB controller
3334  |Warning: [G502 LIGHTSPEED Wireless Gaming Mouse] Effect at index - 03 not added: Value FF00 unrecognised
3334  |Info:    [G502 LIGHTSPEED Wireless Gaming Mouse] Registering RGB controller
3389  |Info:    [Corsair K100] Registering RGB controller
3465  |Info:    [ASUS ROG STRIX X670E-A GAMING WIFI] Registering RGB controller
3465  |Info:    ------------------------------------------------------
3465  |Info:    |            Detecting libusb HID devices            |
3465  |Info:    ------------------------------------------------------
3693  |Info:    ------------------------------------------------------
3693  |Info:    |              Detecting other devices               |
3693  |Info:    ------------------------------------------------------
3701  |Info:    ------------------------------------------------------
3701  |Info:    |                Detection completed                 |
3701  |Info:    ------------------------------------------------------
3701  |Info:    Profile loading: Succeeded for Corsair Commander Core @ HID: /dev/hidraw12
3701  |Info:    Profile loading: Succeeded for G502 LIGHTSPEED Wireless Gaming Mouse @ HID: /dev/hidraw11 (Receiver) 
Wireless Index: 255
3701  |Info:    Profile loading: Succeeded for Corsair K100 @ HID: /dev/hidraw7
3701  |Info:    Profile loading: Succeeded for ASUS ROG STRIX X670E-A GAMING WIFI @ HID: /dev/hidraw10
