    OpenRGB v0.9
    Commit:  from 
    Launched: 20250206_162649
====================================================================================================

0     |Info:    Found file: samuel.orp attempting to validate header
0     |Info:    Valid v4 profile found for samuel
1001  |Info:    ------------------------------------------------------
1001  |Info:    |               Start device detection               |
1001  |Info:    ------------------------------------------------------
1001  |Info:    Initializing HID interfaces: Success
1010  |Info:    ------------------------------------------------------
1010  |Info:    |             Detecting I2C interfaces               |
1010  |Info:    ------------------------------------------------------
1010  |Warning: [i2c_smbus_linux] Failed to read i2c device PCI device ID
1010  |Info:    Registering I2C interface: /dev/i2c-3 Device 0000:0000 Subsystem: 0000:0000
1010  |Info:    Registering I2C interface: /dev/i2c-1 Device 1002:164E Subsystem: 1043:8877
1010  |Info:    Registering I2C interface: /dev/i2c-6 Device 1022:790B Subsystem: 1043:8877
1010  |Info:    Registering I2C interface: /dev/i2c-11 Device 10DE:2783 Subsystem: 19DA:5710
1010  |Info:    Registering I2C interface: /dev/i2c-0 Device 0000:0000 Subsystem: 0000:0000
1010  |Info:    Registering I2C interface: /dev/i2c-7 Device 10DE:2783 Subsystem: 19DA:5710
1010  |Info:    Registering I2C interface: /dev/i2c-5 Device 1022:790B Subsystem: 1043:8877
1010  |Info:    Registering I2C interface: /dev/i2c-12 Device 10DE:2783 Subsystem: 19DA:5710
1010  |Info:    ------------------------------------------------------
1010  |Info:    |               Detecting I2C devices                |
1010  |Info:    ------------------------------------------------------
1576  |Info:    ------------------------------------------------------
1576  |Info:    |               Detecting I2C PCI devices            |
1576  |Info:    ------------------------------------------------------
1577  |Info:    ------------------------------------------------------
1577  |Info:    |               Detecting HID devices                |
1577  |Info:    ------------------------------------------------------
1808  |Info:    [Corsair Commander Core] Registering RGB controller
4582  |Info:    [G502 LIGHTSPEED Wireless Gaming Mouse] Registering RGB controller
4636  |Info:    [Corsair K100] Registering RGB controller
4713  |Info:    [ASUS ROG STRIX X670E-A GAMING WIFI] Registering RGB controller
4713  |Info:    ------------------------------------------------------
4713  |Info:    |            Detecting libusb HID devices            |
4713  |Info:    ------------------------------------------------------
4939  |Info:    ------------------------------------------------------
4939  |Info:    |              Detecting other devices               |
4939  |Info:    ------------------------------------------------------
4946  |Info:    ------------------------------------------------------
4946  |Info:    |                Detection completed                 |
4946  |Info:    ------------------------------------------------------
4946  |Dialog:  <h2>WARNING:</h2><p>One or more I2C/SMBus interfaces failed to initialize.</p><p>RGB DRAM modules and some motherboards' onboard RGB lighting will not be available without I2C/SMBus.</p><p>On Linux, this is usually because the i2c-dev module is not loaded.  You must load the i2c-dev module along with the correct i2c driver for your motherboard.  This is usually i2c-piix4 for AMD systems and i2c-i801 for Intel systems.</p><p>See <a href='https://help.openrgb.org/'>help.openrgb.org</a> for additional troubleshooting steps if you keep seeing this message.<br></p>
23622 |ERROR:   [OpenRGBPluginsPage] Failed to install plugin: filesystem error: cannot copy: No such file or directory [] [/home/samuel/.config/OpenRGB/plugins/]
