    OpenRGB v0.9
    Commit:  from 
    Launched: 20250216_163047
====================================================================================================

0     |Info:    Found file: samuel.orp attempting to validate header
0     |Info:    Valid v4 profile found for samuel
1004  |Info:    ------------------------------------------------------
1004  |Info:    |               Start device detection               |
1004  |Info:    ------------------------------------------------------
1004  |Info:    Initializing HID interfaces: Success
1013  |Info:    ------------------------------------------------------
1013  |Info:    |             Detecting I2C interfaces               |
1013  |Info:    ------------------------------------------------------
1016  |Info:    Registering I2C interface: /dev/i2c-3 Device 10DE:2783 Subsystem: 19DA:5710
1016  |Info:    Registering I2C interface: /dev/i2c-10 Device 1022:790B Subsystem: 1043:8877
1016  |Info:    Registering I2C interface: /dev/i2c-1 Device 10DE:2783 Subsystem: 19DA:5710
1016  |Info:    Registering I2C interface: /dev/i2c-8 Device 1002:164E Subsystem: 1043:8877
1016  |Info:    Registering I2C interface: /dev/i2c-6 Device 10DE:2783 Subsystem: 19DA:5710
1016  |Info:    Registering I2C interface: /dev/i2c-4 Device 10DE:2783 Subsystem: 19DA:5710
1016  |Info:    Registering I2C interface: /dev/i2c-11 Device 1022:790B Subsystem: 1043:8877
1016  |Info:    Registering I2C interface: /dev/i2c-2 Device 10DE:2783 Subsystem: 19DA:5710
1016  |Info:    Registering I2C interface: /dev/i2c-0 Device 0000:0000 Subsystem: 0000:0000
1016  |Warning: [i2c_smbus_linux] Failed to read i2c device PCI device ID
1016  |Info:    Registering I2C interface: /dev/i2c-9 Device 0000:0000 Subsystem: 0000:0000
1017  |Info:    Registering I2C interface: /dev/i2c-7 Device 1002:164E Subsystem: 1043:8877
1017  |Info:    Registering I2C interface: /dev/i2c-5 Device 10DE:2783 Subsystem: 19DA:5710
1017  |Info:    Registering I2C interface: /dev/i2c-12 Device 1022:790B Subsystem: 1043:8877
1017  |Info:    ------------------------------------------------------
1017  |Info:    |               Detecting I2C devices                |
1017  |Info:    ------------------------------------------------------
2048  |Info:    ------------------------------------------------------
2048  |Info:    |               Detecting I2C PCI devices            |
2048  |Info:    ------------------------------------------------------
2049  |Info:    ------------------------------------------------------
2049  |Info:    |               Detecting HID devices                |
2049  |Info:    ------------------------------------------------------
2268  |Info:    [Corsair Commander Core] Registering RGB controller
2624  |Info:    Unable add this Logitech device: Not Connected
2978  |Info:    Unable add this Logitech device: Not Connected
3332  |Info:    Unable add this Logitech device: Not Connected
3686  |Info:    Unable add this Logitech device: Not Connected
4040  |Info:    Unable add this Logitech device: Not Connected
4394  |Info:    Unable add this Logitech device: Not Connected
4748  |Info:    Unable add this Logitech device: Not Connected
5102  |Info:    Unable add this Logitech device: Not Connected
7652  |Info:    [Corsair K100] Registering RGB controller
7729  |Info:    [ASUS ROG STRIX X670E-A GAMING WIFI] Registering RGB controller
7729  |Info:    ------------------------------------------------------
7729  |Info:    |            Detecting libusb HID devices            |
7729  |Info:    ------------------------------------------------------
7957  |Info:    ------------------------------------------------------
7957  |Info:    |              Detecting other devices               |
7957  |Info:    ------------------------------------------------------
7967  |Info:    ------------------------------------------------------
7967  |Info:    |                Detection completed                 |
7967  |Info:    ------------------------------------------------------
