    OpenRGB v0.9
    Commit:  from 
    Launched: 20250211_233046
====================================================================================================

0     |Info:    Found file: samuel.orp attempting to validate header
0     |Info:    Valid v4 profile found for samuel
1004  |Info:    ------------------------------------------------------
1005  |Info:    |               Start device detection               |
1005  |Info:    ------------------------------------------------------
1005  |Info:    Initializing HID interfaces: Success
1014  |Info:    ------------------------------------------------------
1014  |Info:    |             Detecting I2C interfaces               |
1014  |Info:    ------------------------------------------------------
1014  |Info:    Registering I2C interface: /dev/i2c-3 Device 10DE:2783 Subsystem: 19DA:5710
1014  |Info:    Registering I2C interface: /dev/i2c-10 Device 1022:790B Subsystem: 1043:8877
1014  |Info:    Registering I2C interface: /dev/i2c-1 Device 10DE:2783 Subsystem: 19DA:5710
1014  |Info:    Registering I2C interface: /dev/i2c-8 Device 1002:164E Subsystem: 1043:8877
1014  |Info:    Registering I2C interface: /dev/i2c-6 Device 10DE:2783 Subsystem: 19DA:5710
1014  |Info:    Registering I2C interface: /dev/i2c-4 Device 10DE:2783 Subsystem: 19DA:5710
1014  |Info:    Registering I2C interface: /dev/i2c-11 Device 1022:790B Subsystem: 1043:8877
1014  |Info:    Registering I2C interface: /dev/i2c-2 Device 10DE:2783 Subsystem: 19DA:5710
1014  |Info:    Registering I2C interface: /dev/i2c-0 Device 0000:0000 Subsystem: 0000:0000
1014  |Warning: [i2c_smbus_linux] Failed to read i2c device PCI device ID
1014  |Info:    Registering I2C interface: /dev/i2c-9 Device 0000:0000 Subsystem: 0000:0000
1015  |Info:    Registering I2C interface: /dev/i2c-7 Device 1002:164E Subsystem: 1043:8877
1015  |Info:    Registering I2C interface: /dev/i2c-5 Device 10DE:2783 Subsystem: 19DA:5710
1015  |Info:    Registering I2C interface: /dev/i2c-12 Device 1022:790B Subsystem: 1043:8877
1015  |Info:    ------------------------------------------------------
1015  |Info:    |               Detecting I2C devices                |
1015  |Info:    ------------------------------------------------------
2052  |Info:    ------------------------------------------------------
2052  |Info:    |               Detecting I2C PCI devices            |
2052  |Info:    ------------------------------------------------------
2053  |Info:    ------------------------------------------------------
2053  |Info:    |               Detecting HID devices                |
2053  |Info:    ------------------------------------------------------
2208  |Info:    [Corsair Commander Core] Registering RGB controller
2766  |Info:    [G502 LIGHTSPEED Wireless Gaming Mouse] Registering RGB controller
2821  |Info:    [Corsair K100] Registering RGB controller
2898  |Info:    [ASUS ROG STRIX X670E-A GAMING WIFI] Registering RGB controller
2899  |Info:    ------------------------------------------------------
2899  |Info:    |            Detecting libusb HID devices            |
2899  |Info:    ------------------------------------------------------
3127  |Info:    ------------------------------------------------------
3127  |Info:    |              Detecting other devices               |
3127  |Info:    ------------------------------------------------------
3137  |Info:    ------------------------------------------------------
3137  |Info:    |                Detection completed                 |
3137  |Info:    ------------------------------------------------------
