    OpenRGB v0.9
    Commit:  from 
    Launched: 20250212_171302
====================================================================================================

0     |Info:    Found file: samuel.orp attempting to validate header
0     |Info:    Valid v4 profile found for samuel
1004  |Info:    ------------------------------------------------------
1004  |Info:    |               Start device detection               |
1004  |Info:    ------------------------------------------------------
1004  |Info:    Initializing HID interfaces: Success
1012  |Info:    ------------------------------------------------------
1012  |Info:    |             Detecting I2C interfaces               |
1012  |Info:    ------------------------------------------------------
1012  |Info:    Registering I2C interface: /dev/i2c-3 Device 10DE:2783 Subsystem: 19DA:5710
1012  |Info:    Registering I2C interface: /dev/i2c-10 Device 1022:790B Subsystem: 1043:8877
1012  |Info:    Registering I2C interface: /dev/i2c-1 Device 10DE:2783 Subsystem: 19DA:5710
1013  |Info:    Registering I2C interface: /dev/i2c-8 Device 1002:164E Subsystem: 1043:8877
1013  |Info:    Registering I2C interface: /dev/i2c-6 Device 10DE:2783 Subsystem: 19DA:5710
1013  |Info:    Registering I2C interface: /dev/i2c-4 Device 10DE:2783 Subsystem: 19DA:5710
1013  |Info:    Registering I2C interface: /dev/i2c-11 Device 1022:790B Subsystem: 1043:8877
1013  |Info:    Registering I2C interface: /dev/i2c-2 Device 10DE:2783 Subsystem: 19DA:5710
1013  |Info:    Registering I2C interface: /dev/i2c-0 Device 0000:0000 Subsystem: 0000:0000
1013  |Warning: [i2c_smbus_linux] Failed to read i2c device PCI device ID
1013  |Info:    Registering I2C interface: /dev/i2c-9 Device 0000:0000 Subsystem: 0000:0000
1013  |Info:    Registering I2C interface: /dev/i2c-7 Device 1002:164E Subsystem: 1043:8877
1013  |Info:    Registering I2C interface: /dev/i2c-5 Device 10DE:2783 Subsystem: 19DA:5710
1013  |Info:    Registering I2C interface: /dev/i2c-12 Device 1022:790B Subsystem: 1043:8877
1013  |Info:    ------------------------------------------------------
1013  |Info:    |               Detecting I2C devices                |
1013  |Info:    ------------------------------------------------------
2046  |Info:    ------------------------------------------------------
2046  |Info:    |               Detecting I2C PCI devices            |
2046  |Info:    ------------------------------------------------------
2047  |Info:    ------------------------------------------------------
2047  |Info:    |               Detecting HID devices                |
2047  |Info:    ------------------------------------------------------
2225  |Info:    [Corsair Commander Core] Registering RGB controller
3059  |Info:    [G502 LIGHTSPEED Wireless Gaming Mouse] Registering RGB controller
3115  |Info:    [Corsair K100] Registering RGB controller
3189  |Info:    [ASUS ROG STRIX X670E-A GAMING WIFI] Registering RGB controller
3189  |Info:    ------------------------------------------------------
3189  |Info:    |            Detecting libusb HID devices            |
3189  |Info:    ------------------------------------------------------
3418  |Info:    ------------------------------------------------------
3418  |Info:    |              Detecting other devices               |
3418  |Info:    ------------------------------------------------------
3426  |Info:    ------------------------------------------------------
3426  |Info:    |                Detection completed                 |
3426  |Info:    ------------------------------------------------------
