    OpenRGB v0.9
    Commit:  from 
    Launched: 20250206_161517
====================================================================================================

1001  |Info:    Saving detector settings
1002  |Info:    ------------------------------------------------------
1002  |Info:    |               Start device detection               |
1002  |Info:    ------------------------------------------------------
1002  |Info:    Initializing HID interfaces: Success
1010  |Info:    ------------------------------------------------------
1010  |Info:    |             Detecting I2C interfaces               |
1010  |Info:    ------------------------------------------------------
1011  |Warning: [i2c_smbus_linux] Failed to read i2c device PCI device ID
1011  |Info:    Registering I2C interface: /dev/i2c-3 Device 0000:0000 Subsystem: 0000:0000
1011  |Info:    Registering I2C interface: /dev/i2c-1 Device 1002:164E Subsystem: 1043:8877
1011  |Info:    Registering I2C interface: /dev/i2c-6 Device 1022:790B Subsystem: 1043:8877
1011  |Info:    Registering I2C interface: /dev/i2c-11 Device 10DE:2783 Subsystem: 19DA:5710
1011  |Info:    Registering I2C interface: /dev/i2c-0 Device 0000:0000 Subsystem: 0000:0000
1011  |Info:    Registering I2C interface: /dev/i2c-7 Device 10DE:2783 Subsystem: 19DA:5710
1011  |Info:    Registering I2C interface: /dev/i2c-5 Device 1022:790B Subsystem: 1043:8877
1011  |Info:    Registering I2C interface: /dev/i2c-12 Device 10DE:2783 Subsystem: 19DA:5710
1011  |Info:    ------------------------------------------------------
1011  |Info:    |               Detecting I2C devices                |
1011  |Info:    ------------------------------------------------------
1583  |Info:    ------------------------------------------------------
1583  |Info:    |               Detecting I2C PCI devices            |
1583  |Info:    ------------------------------------------------------
1584  |Info:    ------------------------------------------------------
1584  |Info:    |               Detecting HID devices                |
1584  |Info:    ------------------------------------------------------
1817  |Info:    [Corsair Commander Core] Registering RGB controller
3710  |Info:    [G502 LIGHTSPEED Wireless Gaming Mouse] Registering RGB controller
3765  |Info:    [Corsair K100] Registering RGB controller
3842  |Info:    [ASUS ROG STRIX X670E-A GAMING WIFI] Registering RGB controller
3842  |Info:    ------------------------------------------------------
3842  |Info:    |            Detecting libusb HID devices            |
3842  |Info:    ------------------------------------------------------
4068  |Info:    ------------------------------------------------------
4068  |Info:    |              Detecting other devices               |
4068  |Info:    ------------------------------------------------------
4076  |Info:    ------------------------------------------------------
4076  |Info:    |                Detection completed                 |
4076  |Info:    ------------------------------------------------------
4076  |Dialog:  <h2>WARNING:</h2><p>One or more I2C/SMBus interfaces failed to initialize.</p><p>RGB DRAM modules and some motherboards' onboard RGB lighting will not be available without I2C/SMBus.</p><p>On Linux, this is usually because the i2c-dev module is not loaded.  You must load the i2c-dev module along with the correct i2c driver for your motherboard.  This is usually i2c-piix4 for AMD systems and i2c-i801 for Intel systems.</p><p>See <a href='https://help.openrgb.org/'>help.openrgb.org</a> for additional troubleshooting steps if you keep seeing this message.<br></p>
153304|Info:    Found file: samuel.orp attempting to validate header
153304|Info:    Valid v4 profile found for samuel
