    OpenRGB v0.9
    Commit:  from 
    Launched: 20250226_213809
====================================================================================================

0     |Info:    Found file: samuel.orp attempting to validate header
0     |Info:    Valid v4 profile found for samuel
1005  |Info:    ------------------------------------------------------
1005  |Info:    |               Start device detection               |
1005  |Info:    ------------------------------------------------------
1005  |Info:    Initializing HID interfaces: Success
1013  |Info:    ------------------------------------------------------
1013  |Info:    |             Detecting I2C interfaces               |
1013  |Info:    ------------------------------------------------------
1013  |Info:    Registering I2C interface: /dev/i2c-3 Device 10DE:2783 Subsystem: 19DA:5710
1014  |Info:    Registering I2C interface: /dev/i2c-10 Device 1022:790B Subsystem: 1043:8877
1014  |Info:    Registering I2C interface: /dev/i2c-1 Device 10DE:2783 Subsystem: 19DA:5710
1014  |Info:    Registering I2C interface: /dev/i2c-8 Device 1002:164E Subsystem: 1043:8877
1014  |Info:    Registering I2C interface: /dev/i2c-6 Device 10DE:2783 Subsystem: 19DA:5710
1014  |Info:    Registering I2C interface: /dev/i2c-4 Device 10DE:2783 Subsystem: 19DA:5710
1014  |Info:    Registering I2C interface: /dev/i2c-11 Device 1022:790B Subsystem: 1043:8877
1014  |Info:    Registering I2C interface: /dev/i2c-2 Device 10DE:2783 Subsystem: 19DA:5710
1014  |Info:    Registering I2C interface: /dev/i2c-0 Device 0000:0000 Subsystem: 0000:0000
1014  |Warning: [i2c_smbus_linux] Failed to read i2c device PCI device ID
1014  |Info:    Registering I2C interface: /dev/i2c-9 Device 0000:0000 Subsystem: 0000:0000
1014  |Info:    Registering I2C interface: /dev/i2c-7 Device 1002:164E Subsystem: 1043:8877
1014  |Info:    Registering I2C interface: /dev/i2c-5 Device 10DE:2783 Subsystem: 19DA:5710
1014  |Info:    Registering I2C interface: /dev/i2c-12 Device 1022:790B Subsystem: 1043:8877
1014  |Info:    ------------------------------------------------------
1014  |Info:    |               Detecting I2C devices                |
1014  |Info:    ------------------------------------------------------
1632  |Info:    [Corsair Dominator Platinum] Registering RGB controller
1655  |Info:    [Corsair Dominator Platinum] Registering RGB controller
2057  |Info:    ------------------------------------------------------
2057  |Info:    |               Detecting I2C PCI devices            |
2057  |Info:    ------------------------------------------------------
2057  |Info:    ------------------------------------------------------
2057  |Info:    |               Detecting HID devices                |
2057  |Info:    ------------------------------------------------------
2245  |Info:    [Corsair Commander Core] Registering RGB controller
4240  |Info:    [G502 LIGHTSPEED Wireless Gaming Mouse] Registering RGB controller
4297  |Info:    [Corsair K100] Registering RGB controller
4374  |Info:    [ASUS ROG STRIX X670E-A GAMING WIFI] Registering RGB controller
4374  |Info:    ------------------------------------------------------
4374  |Info:    |            Detecting libusb HID devices            |
4374  |Info:    ------------------------------------------------------
4602  |Info:    ------------------------------------------------------
4602  |Info:    |              Detecting other devices               |
4602  |Info:    ------------------------------------------------------
4610  |Info:    ------------------------------------------------------
4610  |Info:    |                Detection completed                 |
4610  |Info:    ------------------------------------------------------
4610  |Info:    Profile loading: FAILED! for Corsair Dominator Platinum @ I2C: /dev/i2c-10, address 0x18
4610  |Info:    Profile loading: FAILED! for Corsair Dominator Platinum @ I2C: /dev/i2c-10, address 0x1A
4610  |Info:    Profile loading: Succeeded for Corsair Commander Core @ HID: /dev/hidraw11
4610  |Info:    Profile loading: Succeeded for G502 LIGHTSPEED Wireless Gaming Mouse @ HID: /dev/hidraw13 (Receiver) 
Wireless Index: 255
4610  |Info:    Profile loading: Succeeded for Corsair K100 @ HID: /dev/hidraw7
4610  |Info:    Profile loading: Succeeded for ASUS ROG STRIX X670E-A GAMING WIFI @ HID: /dev/hidraw10
